# zoom 0.3, nsteps 1000000, dKdE 0.33, Etot None, Edev None
1 -6139.01 -6029.77
2 -6139.71 -5941.3
3 -6138.55 -6194.14
4 -6140.24 -6063.08
5 -6143.63 -6270.8
6 -6144.34 -6251.14
7 -6138.21 -6099.23
8 -6145.28 -6160.45
9 -6140.38 -6157.31
10 -6141.76 -6156.97
11 -6140.55 -6168.51
12 -6135.69 -6053.33
13 -6140.97 -6024.06
14 -6138.92 -6267.9
15 -6139.02 -6123.79
16 -6139.97 -6161.59
17 -6139.27 -6159.69
18 -6144.9 -6335.78
19 -6139.65 -6183.59
20 -6139.71 -5972.18
21 -6142.68 -6092.62
22 -6138.87 -6149.3
23 -6139.6 -6120.28
24 -6143.48 -6125.28
25 -6141.52 -6041.29
26 -6139.72 -6080.54
27 -6139.5 -6147.59
28 -6139.06 -6166.16
29 -6140.4 -5984.19
30 -6140.86 -6172.74
31 -6139.42 -5994.86
32 -6141.93 -6110.66
33 -6141.28 -6104.56
34 -6139.64 -6189.23
35 -6142.69 -6281.89
36 -6144.59 -6243.79
37 -6140.18 -6051.9
38 -6137.68 -6210.1
39 -6143.03 -6473.89
40 -6138.45 -6248.84
41 -6140.99 -6031.72
42 -6142.86 -6168.06
43 -6138.81 -6146.29
44 -6138.69 -6088.84
45 -6140.33 -5998.42
46 -6139.38 -6060.96
47 -6143.3 -6156.62
48 -6143.71 -6227.4
49 -6139.87 -6001.87
50 -6143.26 -6260.23
51 -6143.66 -6301.8
52 -6140.98 -6064.77
53 -6141.52 -6131.59
54 -6139.7 -6090.27
55 -6142.89 -6138.39
56 -6138.38 -6159.08
57 -6140.77 -6273.61
58 -6140.82 -5943.25
59 -6139.7 -6159.72
60 -6140.04 -6156.93
61 -6142.16 -6121.59
62 -6142.96 -6274.57
63 -6141.52 -6102.42
64 -6137.65 -6120.71
65 -6142.36 -6109.33
66 -6139.78 -6040.89
67 -6139.93 -6152.72
68 -6142.28 -6240.67
69 -6139.36 -6210.24
70 -6140.11 -6186.15
71 -6143.88 -6255.46
72 -6143.25 -6331.41
73 -6140.38 -6213.17
74 -6139.54 -6117.64
75 -6142.0 -6133.2
76 -6141.78 -6163.19
77 -6142.29 -5928.27
78 -6138.17 -5955.73
79 -6142.73 -6121.55
80 -6143.95 -6124.08
81 -6142.76 -6213.32
82 -6145.16 -6253.29
83 -6143.35 -6134.05
84 -6140.75 -6105.76
85 -6140.39 -6146.21
86 -6141.95 -6182.82
87 -6141.48 -6264.55
88 -6143.06 -6072.4
89 -6139.77 -6166.66
90 -6139.67 -6198.2
91 -6141.74 -5997.87
92 -6144.58 -6176.53
93 -6142.51 -6065.12
94 -6140.8 -6023.4
95 -6139.71 -6172.54
96 -6143.84 -6134.33
97 -6138.43 -6222.49
98 -6143.0 -6214.39
99 -6139.48 -6140.61
100 -6140.48 -6020.77
101 -6140.04 -6087.98
102 -6139.6 -6133.57
103 -6139.57 -6083.88
