# zoom 1.0, nsteps 1000000, dKdE 0.33, Etot None, Edev None
1 -6141.1 -6302.98
2 -6141.45 -6217.44
3 -6141.45 -6294.69
4 -6141.2 -6123.0
5 -6140.92 -6129.11
6 -6140.19 -6177.2
7 -6140.79 -6108.81
8 -6141.17 -6130.1
9 -6141.35 -6143.39
10 -6142.92 -6098.75
11 -6140.24 -6138.09
12 -6141.39 -6204.2
13 -6141.8 -6132.39
14 -6141.18 -6069.75
15 -6140.87 -6285.23
16 -6141.27 -6255.17
17 -6141.89 -6113.58
18 -6141.39 -6098.85
19 -6141.11 -6058.82
20 -6141.33 -6140.25
21 -6141.07 -6055.77
22 -6140.54 -6250.78
23 -6141.68 -6122.07
24 -6141.3 -6204.59
25 -6140.63 -6089.07
26 -6140.47 -6012.35
27 -6141.77 -6047.72
28 -6141.35 -6086.22
29 -6141.8 -6217.15
30 -6141.46 -6165.15
31 -6140.74 -6112.31
32 -6141.09 -6247.45
33 -6140.87 -5921.84
34 -6141.39 -5875.79
35 -6141.48 -6152.12
36 -6140.65 -6165.45
37 -6141.18 -5969.67
38 -6141.45 -6158.25
39 -6140.75 -6244.23
40 -6142.16 -6082.71
41 -6141.46 -6021.49
42 -6140.25 -6154.71
43 -6141.79 -6248.44
44 -6141.83 -6258.94
45 -6140.45 -6094.79
46 -6141.54 -5931.1
47 -6140.81 -6103.07
48 -6141.18 -6229.18
49 -6140.77 -6066.84
50 -6141.46 -6165.82
51 -6140.53 -6057.51
52 -6140.73 -6184.84
53 -6141.36 -6081.75
54 -6140.24 -6030.55
55 -6141.61 -6135.87
56 -6140.37 -6018.42
57 -6141.07 -6045.42
58 -6141.34 -6196.22
59 -6141.47 -5932.77
60 -6139.89 -6239.54
61 -6140.34 -6123.75
62 -6141.5 -5923.93
63 -6142.1 -5940.9
64 -6141.49 -6065.32
65 -6140.2 -6153.02
66 -6141.76 -6163.1
67 -6142.26 -6081.08
68 -6141.71 -6045.41
69 -6140.89 -6094.14
70 -6140.86 -6287.69
71 -6141.89 -6170.19
72 -6141.72 -6280.43
73 -6140.97 -6091.54
74 -6141.94 -6268.78
75 -6141.5 -6056.45
76 -6141.03 -6163.15
77 -6141.26 -6152.36
78 -6141.25 -6034.76
79 -6141.65 -6077.94
80 -6141.46 -6114.64
81 -6141.15 -6048.32
82 -6141.54 -6011.55
83 -6140.5 -6216.94
84 -6141.14 -6093.06
85 -6141.12 -6242.62
86 -6141.17 -6101.18
87 -6140.81 -6098.46
88 -6141.28 -6261.72
89 -6141.17 -6132.07
90 -6141.96 -6101.26
91 -6141.17 -6070.88
92 -6140.65 -6208.66
93 -6141.77 -6137.38
94 -6140.74 -6118.04
95 -6141.33 -5949.16
96 -6141.49 -6080.44
97 -6140.41 -6302.32
98 -6141.88 -6382.61
99 -6140.69 -6319.66
100 -6141.92 -6238.88
