# zoom 10.0, nsteps 1000000, dKdE 0.33, Etot None, Edev None
1 -6141.55 -6256.78
2 -6142.34 -6094.74
3 -6141.14 -6062.45
4 -6140.33 -6136.97
5 -6140.33 -6149.62
6 -6141.97 -6111.13
7 -6142.02 -6225.22
8 -6142.31 -6241.48
9 -6138.34 -6222.09
10 -6141.71 -6145.13
11 -6139.53 -6143.2
12 -6142.15 -6044.26
13 -6141.27 -6038.68
14 -6141.18 -6309.57
15 -6141.48 -5972.04
16 -6141.44 -6307.73
17 -6139.31 -6239.13
18 -6140.73 -6086.12
19 -6141.08 -6182.52
20 -6141.32 -6355.8
21 -6139.82 -6006.73
22 -6140.82 -5973.34
23 -6142.73 -6091.23
24 -6139.12 -6304.55
25 -6141.74 -6225.77
26 -6138.94 -6141.76
27 -6140.87 -6146.42
28 -6141.14 -6191.51
29 -6140.37 -6141.74
30 -6141.05 -5990.98
31 -6143.03 -6110.14
32 -6142.67 -6133.55
33 -6139.51 -6207.92
34 -6143.38 -6053.18
35 -6138.33 -6224.23
36 -6139.43 -6175.86
37 -6143.23 -6065.29
38 -6139.86 -6119.21
39 -6141.31 -6229.64
40 -6142.93 -6215.54
41 -6141.3 -6168.98
42 -6142.14 -6140.22
43 -6142.58 -6275.71
44 -6141.23 -6330.7
45 -6142.42 -6188.14
46 -6141.39 -6209.42
47 -6141.15 -6206.85
48 -6141.22 -6288.86
49 -6141.89 -6157.52
50 -6141.99 -6206.96
51 -6141.55 -6207.12
52 -6141.79 -6158.66
53 -6142.16 -6068.46
54 -6142.2 -6161.62
55 -6138.6 -6198.36
56 -6143.54 -6266.18
57 -6143.35 -6154.56
58 -6140.98 -6111.16
59 -6141.57 -6091.35
60 -6141.25 -6258.27
61 -6143.44 -6096.72
62 -6140.39 -6294.16
63 -6143.78 -6224.22
64 -6141.28 -6110.1
65 -6142.83 -6029.91
66 -6141.0 -6029.71
67 -6140.81 -6004.85
68 -6140.76 -6189.74
69 -6142.98 -6249.17
70 -6141.38 -6359.84
71 -6141.48 -5992.6
72 -6142.87 -6171.12
73 -6143.36 -6059.14
74 -6143.49 -6148.25
75 -6140.38 -6143.91
76 -6138.97 -5955.28
77 -6140.24 -6122.16
78 -6139.81 -6266.98
79 -6138.69 -6144.65
80 -6138.17 -6139.31
81 -6143.95 -6147.26
82 -6140.96 -6215.96
83 -6141.62 -6071.17
84 -6140.12 -6093.41
85 -6139.15 -6271.5
86 -6140.44 -6047.89
87 -6140.08 -6045.83
88 -6144.41 -6187.95
89 -6139.33 -6215.68
90 -6140.19 -6173.36
91 -6141.44 -6073.26
92 -6140.37 -6003.36
93 -6140.53 -6051.14
94 -6142.55 -6056.71
95 -6142.48 -6320.49
96 -6143.59 -6081.64
97 -6142.0 -6030.98
98 -6140.36 -6338.84
99 -6139.22 -5993.91
100 -6140.89 -6132.41
101 -6142.21 -6136.14
102 -6140.47 -6205.11
103 -6140.85 -6019.69
