# zoom 3.0, nsteps 1000000, dKdE 0.33, Etot None, Edev None
1 -6140.24 -6199.35
2 -6140.44 -6144.93
3 -6141.78 -6287.86
4 -6141.12 -6080.4
5 -6141.12 -6058.94
6 -6141.13 -6079.34
7 -6141.73 -6338.63
8 -6140.79 -6126.41
9 -6140.34 -6064.61
10 -6138.83 -6126.19
11 -6141.32 -6051.45
12 -6141.03 -6053.39
13 -6140.24 -6210.18
14 -6141.31 -6065.52
15 -6139.94 -6086.78
16 -6141.67 -6009.89
17 -6141.0 -6151.54
18 -6142.76 -6041.52
19 -6140.54 -6267.56
20 -6140.68 -6146.46
21 -6142.05 -6119.86
22 -6141.85 -6132.7
23 -6140.23 -6277.35
24 -6140.47 -6295.83
25 -6141.27 -6172.19
26 -6140.18 -6164.31
27 -6141.27 -6219.47
28 -6141.15 -6147.3
29 -6140.44 -6056.58
30 -6140.77 -6083.19
31 -6141.59 -6144.17
32 -6141.41 -6240.81
33 -6142.52 -6034.54
34 -6140.78 -6056.64
35 -6141.52 -6284.4
36 -6141.6 -6201.36
37 -6140.48 -6012.94
38 -6141.17 -6154.2
39 -6140.88 -6236.67
40 -6141.2 -6270.78
41 -6140.07 -6224.27
42 -6141.97 -6074.6
43 -6140.37 -6178.92
44 -6140.93 -6108.7
45 -6140.84 -6142.92
46 -6141.41 -6083.36
47 -6141.08 -6229.43
48 -6141.33 -6193.44
49 -6141.88 -6098.77
50 -6142.06 -5981.25
51 -6139.09 -5970.63
52 -6140.76 -6214.23
53 -6141.29 -6199.99
54 -6140.19 -5925.99
55 -6139.7 -6224.32
56 -6141.8 -6271.77
57 -6140.76 -6170.77
58 -6140.1 -6070.82
59 -6141.16 -6097.2
60 -6141.25 -6201.28
61 -6141.7 -6051.84
62 -6140.33 -6073.89
63 -6140.19 -6164.95
64 -6140.15 -6106.42
65 -6140.89 -5957.87
66 -6140.04 -6317.28
67 -6140.59 -6024.52
68 -6142.15 -6090.81
69 -6139.65 -6107.51
70 -6140.84 -6141.65
71 -6141.47 -6164.45
72 -6140.28 -6051.8
73 -6140.28 -6238.85
74 -6140.02 -6286.21
75 -6143.29 -6123.94
76 -6142.55 -6097.05
77 -6141.93 -6133.11
78 -6141.62 -6132.71
79 -6141.07 -6212.9
80 -6140.05 -5925.59
81 -6142.11 -6195.69
82 -6140.76 -6072.87
83 -6141.63 -6099.12
84 -6141.97 -6040.73
85 -6142.15 -6300.75
86 -6140.0 -5939.71
87 -6140.41 -6125.59
88 -6142.2 -6350.93
89 -6141.86 -5944.2
90 -6140.32 -6071.22
91 -6141.42 -6241.12
92 -6139.73 -6128.95
93 -6140.34 -6111.11
94 -6141.2 -6327.34
95 -6140.09 -6160.82
96 -6142.52 -6048.62
97 -6141.06 -6315.11
98 -6141.71 -6173.41
99 -6140.9 -6039.55
100 -6141.94 -6092.62
101 -6141.16 -6028.61
102 -6141.44 -6193.64
103 -6140.73 -6056.26
